2026-02-22 16:25:39,667 - INFO - Starting OTT Alert Server
2026-02-22 16:25:39,692 - INFO - Market is closed. Waiting for market to open...
2026-02-22 16:40:39,692 - INFO - Market is closed. Waiting for market to open...
2026-02-23 04:01:44,396 - INFO - Starting OTT Alert Server
2026-02-23 04:01:44,583 - INFO - Starting new scan at 2026-02-23 09:31:44
2026-02-23 04:01:45,848 - INFO - Starting OTT Alert Server
2026-02-23 04:01:45,888 - INFO - Starting new scan at 2026-02-23 09:31:45
2026-02-23 04:01:45,904 - INFO - BUY Signal - ^NSEI at ₹25755.35
2026-02-23 04:01:46,468 - INFO - BUY Signal - ^NSEI at ₹25755.35
2026-02-23 04:01:48,950 - INFO - Email alert sent for ^NSEI - BUY
2026-02-23 04:01:49,458 - INFO - Email alert sent for ^NSEI - BUY
2026-02-23 04:01:51,837 - INFO - SELL Signal - ABB.NS at ₹5957.00
2026-02-23 04:01:51,952 - INFO - SELL Signal - ABB.NS at ₹5957.00
2026-02-23 04:01:54,624 - INFO - Email alert sent for ABB.NS - SELL
2026-02-23 04:01:54,777 - INFO - Email alert sent for ABB.NS - SELL
2026-02-23 04:02:12,350 - INFO - BUY Signal - DLF.NS at ₹630.85
2026-02-23 04:02:12,411 - INFO - BUY Signal - DLF.NS at ₹630.85
2026-02-23 04:02:15,090 - INFO - Email alert sent for DLF.NS - BUY
2026-02-23 04:02:15,241 - INFO - Email alert sent for DLF.NS - BUY
2026-02-23 04:02:18,852 - INFO - BUY Signal - GODREJCP.NS at ₹1209.70
2026-02-23 04:02:19,026 - INFO - BUY Signal - GODREJCP.NS at ₹1209.70
2026-02-23 04:02:21,630 - INFO - Email alert sent for GODREJCP.NS - BUY
2026-02-23 04:02:21,769 - INFO - Email alert sent for GODREJCP.NS - BUY
2026-02-23 04:02:22,314 - INFO - BUY Signal - GODREJPROP.NS at ₹1848.50
2026-02-23 04:02:22,372 - INFO - BUY Signal - GODREJPROP.NS at ₹1848.50
2026-02-23 04:02:25,090 - INFO - Email alert sent for GODREJPROP.NS - BUY
2026-02-23 04:02:25,245 - INFO - Email alert sent for GODREJPROP.NS - BUY
2026-02-23 04:02:29,395 - INFO - BUY Signal - HEROMOTOCO.NS at ₹5523.50
2026-02-23 04:02:29,415 - INFO - BUY Signal - HEROMOTOCO.NS at ₹5523.50
2026-02-23 04:02:32,170 - INFO - Email alert sent for HEROMOTOCO.NS - BUY
2026-02-23 04:02:32,281 - INFO - Email alert sent for HEROMOTOCO.NS - BUY
2026-02-23 04:02:57,238 - ERROR - HTTP Error 404: {"quoteSummary":{"result":null,"error":{"code":"Not Found","description":"Quote not found for symbol: PEL.NS"}}}
2026-02-23 04:02:57,375 - ERROR - HTTP Error 404: {"quoteSummary":{"result":null,"error":{"code":"Not Found","description":"Quote not found for symbol: PEL.NS"}}}
2026-02-23 04:02:58,043 - ERROR - $PEL.NS: possibly delisted; no price data found  (period=5d) (Yahoo error = "No data found, symbol may be delisted")
2026-02-23 04:02:58,044 - WARNING - No data found for symbol: PEL.NS
2026-02-23 04:02:58,044 - WARNING - Unable to fetch data for PEL.NS
2026-02-23 04:02:58,326 - ERROR - $PEL.NS: possibly delisted; no price data found  (period=5d) (Yahoo error = "No data found, symbol may be delisted")
2026-02-23 04:02:58,327 - WARNING - No data found for symbol: PEL.NS
2026-02-23 04:02:58,327 - WARNING - Unable to fetch data for PEL.NS
2026-02-23 04:03:01,090 - INFO - BUY Signal - PIIND.NS at ₹3066.00
2026-02-23 04:03:01,094 - INFO - BUY Signal - PIIND.NS at ₹3066.00
2026-02-23 04:03:03,833 - INFO - Email alert sent for PIIND.NS - BUY
2026-02-23 04:03:03,955 - INFO - Email alert sent for PIIND.NS - BUY
2026-02-23 04:03:07,460 - INFO - BUY Signal - SBIN.NS at ₹1226.40
2026-02-23 04:03:07,572 - INFO - BUY Signal - SBIN.NS at ₹1226.40
2026-02-23 04:03:10,298 - INFO - Email alert sent for SBIN.NS - BUY
2026-02-23 04:03:10,473 - INFO - Email alert sent for SBIN.NS - BUY
2026-02-23 04:03:14,086 - ERROR - HTTP Error 404: {"quoteSummary":{"result":null,"error":{"code":"Not Found","description":"Quote not found for symbol: TATAMOTORS.NS"}}}
2026-02-23 04:03:14,305 - ERROR - HTTP Error 404: {"quoteSummary":{"result":null,"error":{"code":"Not Found","description":"Quote not found for symbol: TATAMOTORS.NS"}}}
2026-02-23 04:03:14,592 - ERROR - $TATAMOTORS.NS: possibly delisted; no price data found  (period=5d) (Yahoo error = "No data found, symbol may be delisted")
2026-02-23 04:03:14,594 - WARNING - No data found for symbol: TATAMOTORS.NS
2026-02-23 04:03:14,594 - WARNING - Unable to fetch data for TATAMOTORS.NS
2026-02-23 04:03:14,988 - ERROR - $TATAMOTORS.NS: possibly delisted; no price data found  (period=5d) (Yahoo error = "No data found, symbol may be delisted")
2026-02-23 04:03:14,989 - WARNING - No data found for symbol: TATAMOTORS.NS
2026-02-23 04:03:14,989 - WARNING - Unable to fetch data for TATAMOTORS.NS
2026-02-23 04:03:21,628 - INFO - Scan completed at 2026-02-23 09:33:21. Found 8 alerts.
2026-02-23 04:03:21,629 - INFO - Sleeping for 900 seconds...
2026-02-23 04:03:21,805 - INFO - Scan completed at 2026-02-23 09:33:21. Found 8 alerts.
2026-02-23 04:03:21,805 - INFO - Sleeping for 900 seconds...
2026-02-23 04:08:15,242 - INFO - Starting OTT Alert Server
2026-02-23 04:08:15,243 - INFO - Starting new scan at 2026-02-23 09:38:15
2026-02-23 04:08:15,425 - INFO - BUY Signal - ^NSEI at ₹25766.15
2026-02-23 04:08:18,201 - INFO - Email alert sent for ^NSEI - BUY
2026-02-23 04:08:20,782 - INFO - SELL Signal - ABB.NS at ₹5995.50
2026-02-23 04:08:23,546 - INFO - Email alert sent for ABB.NS - SELL
2026-02-23 04:08:38,830 - INFO - BUY Signal - DLF.NS at ₹630.05
2026-02-23 04:08:41,776 - INFO - Email alert sent for DLF.NS - BUY
2026-02-23 04:08:44,929 - INFO - BUY Signal - GODREJCP.NS at ₹1210.70
2026-02-23 04:08:47,792 - INFO - Email alert sent for GODREJCP.NS - BUY
2026-02-23 04:08:48,395 - INFO - BUY Signal - GODREJPROP.NS at ₹1844.60
2026-02-23 04:08:51,210 - INFO - Email alert sent for GODREJPROP.NS - BUY
2026-02-23 04:08:53,076 - INFO - BUY Signal - HAVELLS.NS at ₹1419.60
2026-02-23 04:08:55,897 - INFO - Email alert sent for HAVELLS.NS - BUY
2026-02-23 04:08:57,831 - INFO - BUY Signal - HEROMOTOCO.NS at ₹5509.50
2026-02-23 04:09:00,583 - INFO - Email alert sent for HEROMOTOCO.NS - BUY
2026-02-23 04:09:21,099 - ERROR - $PEL.NS: possibly delisted; no price data found  (period=5d) (Yahoo error = "No data found, symbol may be delisted")
2026-02-23 04:09:21,100 - WARNING - No data found for symbol: PEL.NS
2026-02-23 04:09:21,100 - WARNING - Unable to fetch data for PEL.NS
2026-02-23 04:09:23,535 - INFO - BUY Signal - PIIND.NS at ₹3071.50
2026-02-23 04:09:26,296 - INFO - Email alert sent for PIIND.NS - BUY
2026-02-23 04:09:29,489 - INFO - BUY Signal - SBIN.NS at ₹1225.50
2026-02-23 04:09:32,283 - INFO - Email alert sent for SBIN.NS - BUY
2026-02-23 04:09:35,075 - ERROR - $TATAMOTORS.NS: possibly delisted; no price data found  (period=5d) (Yahoo error = "No data found, symbol may be delisted")
2026-02-23 04:09:35,076 - WARNING - No data found for symbol: TATAMOTORS.NS
2026-02-23 04:09:35,076 - WARNING - Unable to fetch data for TATAMOTORS.NS
2026-02-23 04:09:41,174 - INFO - Scan completed at 2026-02-23 09:39:41. Found 9 alerts.
2026-02-23 04:09:41,174 - INFO - Sleeping for 900 seconds...
2026-02-23 04:18:21,630 - INFO - Starting new scan at 2026-02-23 09:48:21
2026-02-23 04:18:21,769 - INFO - BUY Signal - ^NSEI at ₹25738.65
2026-02-23 04:18:21,805 - INFO - Starting new scan at 2026-02-23 09:48:21
2026-02-23 04:18:21,893 - INFO - BUY Signal - ^NSEI at ₹25738.65
2026-02-23 04:18:24,670 - INFO - Email alert sent for ^NSEI - BUY
2026-02-23 04:18:24,796 - INFO - Email alert sent for ^NSEI - BUY
2026-02-23 04:18:27,080 - INFO - SELL Signal - ABB.NS at ₹5996.50
2026-02-23 04:18:27,082 - INFO - SELL Signal - ABB.NS at ₹5996.50
2026-02-23 04:18:29,940 - INFO - Email alert sent for ABB.NS - SELL
2026-02-23 04:18:30,071 - INFO - Email alert sent for ABB.NS - SELL
2026-02-23 04:18:44,896 - INFO - BUY Signal - DLF.NS at ₹628.50
2026-02-23 04:18:44,907 - INFO - BUY Signal - DLF.NS at ₹628.50
2026-02-23 04:18:47,642 - INFO - Email alert sent for DLF.NS - BUY
2026-02-23 04:18:47,782 - INFO - Email alert sent for DLF.NS - BUY
2026-02-23 04:18:50,695 - INFO - BUY Signal - GODREJCP.NS at ₹1208.00
2026-02-23 04:18:50,709 - INFO - BUY Signal - GODREJCP.NS at ₹1208.00
2026-02-23 04:18:53,505 - INFO - Email alert sent for GODREJCP.NS - BUY
2026-02-23 04:18:53,572 - INFO - Email alert sent for GODREJCP.NS - BUY
2026-02-23 04:18:54,120 - INFO - BUY Signal - GODREJPROP.NS at ₹1840.00
2026-02-23 04:18:54,134 - INFO - BUY Signal - GODREJPROP.NS at ₹1840.00
2026-02-23 04:18:56,879 - INFO - Email alert sent for GODREJPROP.NS - BUY
2026-02-23 04:18:57,019 - INFO - Email alert sent for GODREJPROP.NS - BUY
2026-02-23 04:19:00,680 - INFO - BUY Signal - HEROMOTOCO.NS at ₹5512.00
2026-02-23 04:19:00,718 - INFO - BUY Signal - HEROMOTOCO.NS at ₹5512.00
2026-02-23 04:19:03,459 - INFO - Email alert sent for HEROMOTOCO.NS - BUY
2026-02-23 04:19:03,619 - INFO - Email alert sent for HEROMOTOCO.NS - BUY
2026-02-23 04:19:23,609 - ERROR - $PEL.NS: possibly delisted; no price data found  (period=5d) (Yahoo error = "No data found, symbol may be delisted")
2026-02-23 04:19:23,609 - WARNING - No data found for symbol: PEL.NS
2026-02-23 04:19:23,610 - WARNING - Unable to fetch data for PEL.NS
2026-02-23 04:19:23,661 - ERROR - $PEL.NS: possibly delisted; no price data found  (period=5d) (Yahoo error = "No data found, symbol may be delisted")
2026-02-23 04:19:23,661 - WARNING - No data found for symbol: PEL.NS
2026-02-23 04:19:23,662 - WARNING - Unable to fetch data for PEL.NS
2026-02-23 04:19:26,078 - INFO - BUY Signal - PIIND.NS at ₹3064.50
2026-02-23 04:19:26,114 - INFO - BUY Signal - PIIND.NS at ₹3064.50
2026-02-23 04:19:28,855 - INFO - Email alert sent for PIIND.NS - BUY
2026-02-23 04:19:29,045 - INFO - Email alert sent for PIIND.NS - BUY
2026-02-23 04:19:31,865 - INFO - BUY Signal - SBIN.NS at ₹1227.10
2026-02-23 04:19:31,925 - INFO - BUY Signal - SBIN.NS at ₹1227.10
2026-02-23 04:19:34,660 - INFO - Email alert sent for SBIN.NS - BUY
2026-02-23 04:19:34,820 - INFO - Email alert sent for SBIN.NS - BUY
2026-02-23 04:19:37,425 - ERROR - $TATAMOTORS.NS: possibly delisted; no price data found  (period=5d) (Yahoo error = "No data found, symbol may be delisted")
2026-02-23 04:19:37,426 - WARNING - No data found for symbol: TATAMOTORS.NS
2026-02-23 04:19:37,426 - WARNING - Unable to fetch data for TATAMOTORS.NS
2026-02-23 04:19:37,696 - ERROR - $TATAMOTORS.NS: possibly delisted; no price data found  (period=5d) (Yahoo error = "No data found, symbol may be delisted")
2026-02-23 04:19:37,696 - WARNING - No data found for symbol: TATAMOTORS.NS
2026-02-23 04:19:37,697 - WARNING - Unable to fetch data for TATAMOTORS.NS
2026-02-23 04:19:43,311 - INFO - Scan completed at 2026-02-23 09:49:43. Found 8 alerts.
2026-02-23 04:19:43,311 - INFO - Sleeping for 900 seconds...
2026-02-23 04:19:43,354 - INFO - Scan completed at 2026-02-23 09:49:43. Found 8 alerts.
2026-02-23 04:19:43,354 - INFO - Sleeping for 900 seconds...
2026-02-23 04:24:41,175 - INFO - Starting new scan at 2026-02-23 09:54:41
2026-02-23 04:24:41,355 - INFO - BUY Signal - ^NSEI at ₹25712.80
2026-02-23 04:24:44,185 - INFO - Email alert sent for ^NSEI - BUY
2026-02-23 04:24:46,669 - INFO - SELL Signal - ABB.NS at ₹5979.50
2026-02-23 04:24:49,478 - INFO - Email alert sent for ABB.NS - SELL
2026-02-23 04:25:04,397 - INFO - BUY Signal - DLF.NS at ₹626.80
2026-02-23 04:25:07,195 - INFO - Email alert sent for DLF.NS - BUY
2026-02-23 04:25:10,249 - INFO - BUY Signal - GODREJCP.NS at ₹1207.30
2026-02-23 04:25:13,031 - INFO - Email alert sent for GODREJCP.NS - BUY
2026-02-23 04:25:13,648 - INFO - BUY Signal - GODREJPROP.NS at ₹1836.90
2026-02-23 04:25:16,383 - INFO - Email alert sent for GODREJPROP.NS - BUY
2026-02-23 04:25:20,034 - INFO - BUY Signal - HEROMOTOCO.NS at ₹5483.00
2026-02-23 04:25:22,793 - INFO - Email alert sent for HEROMOTOCO.NS - BUY
2026-02-23 04:25:42,662 - ERROR - $PEL.NS: possibly delisted; no price data found  (period=5d) (Yahoo error = "No data found, symbol may be delisted")
2026-02-23 04:25:42,663 - WARNING - No data found for symbol: PEL.NS
2026-02-23 04:25:42,663 - WARNING - Unable to fetch data for PEL.NS
2026-02-23 04:25:45,049 - INFO - BUY Signal - PIIND.NS at ₹3058.50
2026-02-23 04:25:47,862 - INFO - Email alert sent for PIIND.NS - BUY
2026-02-23 04:25:50,857 - INFO - BUY Signal - SBIN.NS at ₹1226.80
2026-02-23 04:25:53,561 - INFO - Email alert sent for SBIN.NS - BUY
2026-02-23 04:25:56,501 - ERROR - $TATAMOTORS.NS: possibly delisted; no price data found  (period=5d) (Yahoo error = "No data found, symbol may be delisted")
2026-02-23 04:25:56,502 - WARNING - No data found for symbol: TATAMOTORS.NS
2026-02-23 04:25:56,502 - WARNING - Unable to fetch data for TATAMOTORS.NS
2026-02-23 04:26:02,411 - INFO - Scan completed at 2026-02-23 09:56:02. Found 8 alerts.
2026-02-23 04:26:02,412 - INFO - Sleeping for 900 seconds...
2026-02-23 04:34:43,312 - INFO - Starting new scan at 2026-02-23 10:04:43
2026-02-23 04:34:43,355 - INFO - Starting new scan at 2026-02-23 10:04:43
2026-02-23 04:34:43,506 - INFO - BUY Signal - ^NSEI at ₹25729.65
2026-02-23 04:34:43,524 - INFO - BUY Signal - ^NSEI at ₹25729.65
2026-02-23 04:34:46,316 - INFO - Email alert sent for ^NSEI - BUY
2026-02-23 04:34:46,481 - INFO - Email alert sent for ^NSEI - BUY
2026-02-23 04:34:48,710 - INFO - SELL Signal - ABB.NS at ₹5975.00
2026-02-23 04:34:48,903 - INFO - SELL Signal - ABB.NS at ₹5975.00
2026-02-23 04:34:51,480 - INFO - Email alert sent for ABB.NS - SELL
2026-02-23 04:34:51,716 - INFO - Email alert sent for ABB.NS - SELL
2026-02-23 04:34:52,696 - INFO - BUY Signal - ADANIPORTS.NS at ₹1558.90
2026-02-23 04:34:52,925 - INFO - BUY Signal - ADANIPORTS.NS at ₹1558.40
2026-02-23 04:34:55,442 - INFO - Email alert sent for ADANIPORTS.NS - BUY
2026-02-23 04:34:55,650 - INFO - Email alert sent for ADANIPORTS.NS - BUY
2026-02-23 04:35:09,170 - INFO - BUY Signal - DLF.NS at ₹626.85
2026-02-23 04:35:09,513 - INFO - BUY Signal - DLF.NS at ₹626.85
2026-02-23 04:35:11,914 - INFO - Email alert sent for DLF.NS - BUY
2026-02-23 04:35:12,363 - INFO - Email alert sent for DLF.NS - BUY
2026-02-23 04:35:13,735 - INFO - BUY Signal - EICHERMOT.NS at ₹8030.00
2026-02-23 04:35:14,294 - INFO - BUY Signal - EICHERMOT.NS at ₹8031.00
2026-02-23 04:35:16,472 - INFO - Email alert sent for EICHERMOT.NS - BUY
2026-02-23 04:35:17,184 - INFO - Email alert sent for EICHERMOT.NS - BUY
2026-02-23 04:35:17,675 - INFO - BUY Signal - GODREJCP.NS at ₹1207.30
2026-02-23 04:35:18,404 - INFO - BUY Signal - GODREJCP.NS at ₹1207.30
2026-02-23 04:35:20,505 - INFO - Email alert sent for GODREJCP.NS - BUY
2026-02-23 04:35:21,218 - INFO - Email alert sent for GODREJCP.NS - BUY
2026-02-23 04:35:21,250 - INFO - BUY Signal - GODREJPROP.NS at ₹1837.30
2026-02-23 04:35:21,825 - INFO - BUY Signal - GODREJPROP.NS at ₹1837.30
2026-02-23 04:35:24,149 - INFO - Email alert sent for GODREJPROP.NS - BUY
2026-02-23 04:35:24,664 - INFO - Email alert sent for GODREJPROP.NS - BUY
2026-02-23 04:35:27,974 - INFO - BUY Signal - HEROMOTOCO.NS at ₹5483.50
2026-02-23 04:35:28,286 - INFO - BUY Signal - HEROMOTOCO.NS at ₹5483.50
2026-02-23 04:35:30,739 - INFO - Email alert sent for HEROMOTOCO.NS - BUY
2026-02-23 04:35:31,021 - INFO - Email alert sent for HEROMOTOCO.NS - BUY
2026-02-23 04:35:49,626 - INFO - BUY Signal - PAGEIND.NS at ₹33180.00
2026-02-23 04:35:50,113 - INFO - BUY Signal - PAGEIND.NS at ₹33180.00
2026-02-23 04:35:52,381 - INFO - Email alert sent for PAGEIND.NS - BUY
2026-02-23 04:35:52,814 - INFO - Email alert sent for PAGEIND.NS - BUY
2026-02-23 04:35:53,989 - ERROR - $PEL.NS: possibly delisted; no price data found  (period=5d) (Yahoo error = "No data found, symbol may be delisted")
2026-02-23 04:35:53,989 - WARNING - No data found for symbol: PEL.NS
2026-02-23 04:35:53,989 - WARNING - Unable to fetch data for PEL.NS
2026-02-23 04:35:54,553 - ERROR - $PEL.NS: possibly delisted; no price data found  (period=5d) (Yahoo error = "No data found, symbol may be delisted")
2026-02-23 04:35:54,553 - WARNING - No data found for symbol: PEL.NS
2026-02-23 04:35:54,553 - WARNING - Unable to fetch data for PEL.NS
2026-02-23 04:35:56,434 - INFO - BUY Signal - PIIND.NS at ₹3057.80
2026-02-23 04:35:57,083 - INFO - BUY Signal - PIIND.NS at ₹3057.80
2026-02-23 04:35:59,226 - INFO - Email alert sent for PIIND.NS - BUY
2026-02-23 04:36:00,086 - INFO - Email alert sent for PIIND.NS - BUY
2026-02-23 04:36:02,322 - INFO - BUY Signal - SBIN.NS at ₹1230.30
2026-02-23 04:36:03,250 - INFO - BUY Signal - SBIN.NS at ₹1230.30
2026-02-23 04:36:05,158 - INFO - Email alert sent for SBIN.NS - BUY
2026-02-23 04:36:06,001 - INFO - Email alert sent for SBIN.NS - BUY
2026-02-23 04:36:08,220 - ERROR - $TATAMOTORS.NS: possibly delisted; no price data found  (period=5d) (Yahoo error = "No data found, symbol may be delisted")
2026-02-23 04:36:08,223 - WARNING - No data found for symbol: TATAMOTORS.NS
2026-02-23 04:36:08,223 - WARNING - Unable to fetch data for TATAMOTORS.NS
2026-02-23 04:36:09,295 - ERROR - $TATAMOTORS.NS: possibly delisted; no price data found  (period=5d) (Yahoo error = "No data found, symbol may be delisted")
2026-02-23 04:36:09,300 - WARNING - No data found for symbol: TATAMOTORS.NS
2026-02-23 04:36:09,300 - WARNING - Unable to fetch data for TATAMOTORS.NS
2026-02-23 04:36:14,785 - INFO - Scan completed at 2026-02-23 10:06:14. Found 11 alerts.
2026-02-23 04:36:14,786 - INFO - Sleeping for 900 seconds...
2026-02-23 04:36:15,371 - INFO - Scan completed at 2026-02-23 10:06:15. Found 11 alerts.
2026-02-23 04:36:15,371 - INFO - Sleeping for 900 seconds...
2026-02-23 04:41:02,412 - INFO - Starting new scan at 2026-02-23 10:11:02
2026-02-23 04:41:02,594 - INFO - BUY Signal - ^NSEI at ₹25727.35
2026-02-23 04:41:05,432 - INFO - Email alert sent for ^NSEI - BUY
2026-02-23 04:41:07,838 - INFO - SELL Signal - ABB.NS at ₹5943.50
2026-02-23 04:41:10,641 - INFO - Email alert sent for ABB.NS - SELL
2026-02-23 04:41:11,953 - INFO - BUY Signal - ADANIPORTS.NS at ₹1554.40
2026-02-23 04:41:14,786 - INFO - Email alert sent for ADANIPORTS.NS - BUY
2026-02-23 04:41:28,636 - INFO - BUY Signal - DLF.NS at ₹626.00
2026-02-23 04:41:31,425 - INFO - Email alert sent for DLF.NS - BUY
2026-02-23 04:41:33,293 - INFO - BUY Signal - EICHERMOT.NS at ₹8028.50
2026-02-23 04:41:36,105 - INFO - Email alert sent for EICHERMOT.NS - BUY
2026-02-23 04:41:37,308 - INFO - BUY Signal - GODREJCP.NS at ₹1214.60
2026-02-23 04:41:40,099 - INFO - Email alert sent for GODREJCP.NS - BUY
2026-02-23 04:41:40,711 - INFO - BUY Signal - GODREJPROP.NS at ₹1835.20
2026-02-23 04:41:43,481 - INFO - Email alert sent for GODREJPROP.NS - BUY
2026-02-23 04:41:47,148 - INFO - BUY Signal - HEROMOTOCO.NS at ₹5483.50
2026-02-23 04:41:49,894 - INFO - Email alert sent for HEROMOTOCO.NS - BUY
2026-02-23 04:42:10,768 - ERROR - $PEL.NS: possibly delisted; no price data found  (period=5d) (Yahoo error = "No data found, symbol may be delisted")
2026-02-23 04:42:10,768 - WARNING - No data found for symbol: PEL.NS
2026-02-23 04:42:10,768 - WARNING - Unable to fetch data for PEL.NS
2026-02-23 04:42:13,263 - INFO - BUY Signal - PIIND.NS at ₹3053.10
2026-02-23 04:42:16,148 - INFO - Email alert sent for PIIND.NS - BUY
2026-02-23 04:42:19,363 - INFO - BUY Signal - SBIN.NS at ₹1229.50
2026-02-23 04:42:22,291 - INFO - Email alert sent for SBIN.NS - BUY
2026-02-23 04:42:25,166 - ERROR - $TATAMOTORS.NS: possibly delisted; no price data found  (period=5d) (Yahoo error = "No data found, symbol may be delisted")
2026-02-23 04:42:25,166 - WARNING - No data found for symbol: TATAMOTORS.NS
2026-02-23 04:42:25,166 - WARNING - Unable to fetch data for TATAMOTORS.NS
2026-02-23 04:42:31,183 - INFO - Scan completed at 2026-02-23 10:12:31. Found 10 alerts.
2026-02-23 04:42:31,183 - INFO - Sleeping for 900 seconds...
2026-02-23 04:51:14,786 - INFO - Starting new scan at 2026-02-23 10:21:14
2026-02-23 04:51:15,043 - INFO - BUY Signal - ^NSEI at ₹25725.80
2026-02-23 04:51:15,372 - INFO - Starting new scan at 2026-02-23 10:21:15
2026-02-23 04:51:15,593 - INFO - BUY Signal - ^NSEI at ₹25725.80
2026-02-23 04:51:17,899 - INFO - Email alert sent for ^NSEI - BUY
2026-02-23 04:51:18,345 - INFO - Email alert sent for ^NSEI - BUY
2026-02-23 04:51:18,501 - INFO - BUY Signal - ^BSESN at ₹83326.89
2026-02-23 04:51:18,946 - INFO - BUY Signal - ^BSESN at ₹83326.89
2026-02-23 04:51:21,283 - INFO - Email alert sent for ^BSESN - BUY
2026-02-23 04:51:21,727 - INFO - Email alert sent for ^BSESN - BUY
2026-02-23 04:51:23,092 - INFO - SELL Signal - ABB.NS at ₹5956.00
2026-02-23 04:51:23,544 - INFO - SELL Signal - ABB.NS at ₹5956.00
2026-02-23 04:51:25,848 - INFO - Email alert sent for ABB.NS - SELL
2026-02-23 04:51:26,344 - INFO - Email alert sent for ABB.NS - SELL
2026-02-23 04:51:27,060 - INFO - BUY Signal - ADANIPORTS.NS at ₹1556.10
2026-02-23 04:51:27,576 - INFO - BUY Signal - ADANIPORTS.NS at ₹1556.10
2026-02-23 04:51:29,815 - INFO - Email alert sent for ADANIPORTS.NS - BUY
2026-02-23 04:51:30,313 - INFO - Email alert sent for ADANIPORTS.NS - BUY
2026-02-23 04:51:43,045 - INFO - BUY Signal - DLF.NS at ₹624.55
2026-02-23 04:51:43,600 - INFO - BUY Signal - DLF.NS at ₹624.55
2026-02-23 04:51:45,808 - INFO - Email alert sent for DLF.NS - BUY
2026-02-23 04:51:46,325 - INFO - Email alert sent for DLF.NS - BUY
2026-02-23 04:51:47,628 - INFO - BUY Signal - EICHERMOT.NS at ₹8036.00
2026-02-23 04:51:48,158 - INFO - BUY Signal - EICHERMOT.NS at ₹8036.00
2026-02-23 04:51:50,435 - INFO - Email alert sent for EICHERMOT.NS - BUY
2026-02-23 04:51:50,902 - INFO - Email alert sent for EICHERMOT.NS - BUY
2026-02-23 04:51:51,643 - INFO - BUY Signal - GODREJCP.NS at ₹1215.60
2026-02-23 04:51:52,115 - INFO - BUY Signal - GODREJCP.NS at ₹1215.60
2026-02-23 04:51:54,468 - INFO - Email alert sent for GODREJCP.NS - BUY
2026-02-23 04:51:54,893 - INFO - Email alert sent for GODREJCP.NS - BUY
2026-02-23 04:51:55,072 - INFO - BUY Signal - GODREJPROP.NS at ₹1826.90
2026-02-23 04:51:55,497 - INFO - BUY Signal - GODREJPROP.NS at ₹1826.90
2026-02-23 04:51:57,933 - INFO - Email alert sent for GODREJPROP.NS - BUY
2026-02-23 04:51:58,414 - INFO - Email alert sent for GODREJPROP.NS - BUY
2026-02-23 04:52:01,555 - INFO - BUY Signal - HEROMOTOCO.NS at ₹5502.50
2026-02-23 04:52:02,086 - INFO - BUY Signal - HEROMOTOCO.NS at ₹5502.50
2026-02-23 04:52:04,379 - INFO - Email alert sent for HEROMOTOCO.NS - BUY
2026-02-23 04:52:04,887 - INFO - Email alert sent for HEROMOTOCO.NS - BUY
2026-02-23 04:52:24,007 - ERROR - $PEL.NS: possibly delisted; no price data found  (period=5d) (Yahoo error = "No data found, symbol may be delisted")
2026-02-23 04:52:24,007 - WARNING - No data found for symbol: PEL.NS
2026-02-23 04:52:24,007 - WARNING - Unable to fetch data for PEL.NS
2026-02-23 04:52:24,605 - ERROR - $PEL.NS: possibly delisted; no price data found  (period=5d) (Yahoo error = "No data found, symbol may be delisted")
2026-02-23 04:52:24,606 - WARNING - No data found for symbol: PEL.NS
2026-02-23 04:52:24,606 - WARNING - Unable to fetch data for PEL.NS
2026-02-23 04:52:26,479 - INFO - BUY Signal - PIIND.NS at ₹3055.30
2026-02-23 04:52:27,097 - INFO - BUY Signal - PIIND.NS at ₹3055.30
2026-02-23 04:52:29,352 - INFO - Email alert sent for PIIND.NS - BUY
2026-02-23 04:52:29,866 - INFO - Email alert sent for PIIND.NS - BUY
2026-02-23 04:52:32,365 - INFO - BUY Signal - SBIN.NS at ₹1229.50
2026-02-23 04:52:32,893 - INFO - BUY Signal - SBIN.NS at ₹1229.50
2026-02-23 04:52:35,138 - INFO - Email alert sent for SBIN.NS - BUY
2026-02-23 04:52:35,645 - INFO - Email alert sent for SBIN.NS - BUY
2026-02-23 04:52:37,976 - ERROR - $TATAMOTORS.NS: possibly delisted; no price data found  (period=5d) (Yahoo error = "No data found, symbol may be delisted")
2026-02-23 04:52:37,976 - WARNING - No data found for symbol: TATAMOTORS.NS
2026-02-23 04:52:37,977 - WARNING - Unable to fetch data for TATAMOTORS.NS
2026-02-23 04:52:38,384 - ERROR - $TATAMOTORS.NS: possibly delisted; no price data found  (period=5d) (Yahoo error = "No data found, symbol may be delisted")
2026-02-23 04:52:38,385 - WARNING - No data found for symbol: TATAMOTORS.NS
2026-02-23 04:52:38,385 - WARNING - Unable to fetch data for TATAMOTORS.NS
2026-02-23 04:52:43,879 - INFO - Scan completed at 2026-02-23 10:22:43. Found 11 alerts.
2026-02-23 04:52:43,880 - INFO - Sleeping for 900 seconds...
2026-02-23 04:52:44,347 - INFO - Scan completed at 2026-02-23 10:22:44. Found 11 alerts.
2026-02-23 04:52:44,348 - INFO - Sleeping for 900 seconds...
2026-02-23 04:57:31,184 - INFO - Starting new scan at 2026-02-23 10:27:31
2026-02-23 04:57:31,373 - INFO - BUY Signal - ^NSEI at ₹25713.65
2026-02-23 04:57:34,140 - INFO - Email alert sent for ^NSEI - BUY
2026-02-23 04:57:36,578 - INFO - SELL Signal - ABB.NS at ₹5951.00
2026-02-23 04:57:39,416 - INFO - Email alert sent for ABB.NS - SELL
2026-02-23 04:57:40,626 - INFO - BUY Signal - ADANIPORTS.NS at ₹1555.70
2026-02-23 04:57:43,346 - INFO - Email alert sent for ADANIPORTS.NS - BUY
2026-02-23 04:57:48,273 - INFO - SELL Signal - BDL.NS at ₹1275.40
2026-02-23 04:57:50,978 - INFO - Email alert sent for BDL.NS - SELL
2026-02-23 04:57:59,872 - INFO - BUY Signal - DLF.NS at ₹623.50
2026-02-23 04:58:02,606 - INFO - Email alert sent for DLF.NS - BUY
2026-02-23 04:58:04,519 - INFO - BUY Signal - EICHERMOT.NS at ₹8035.00
2026-02-23 04:58:07,324 - INFO - Email alert sent for EICHERMOT.NS - BUY
2026-02-23 04:58:08,535 - INFO - BUY Signal - GODREJCP.NS at ₹1214.90
2026-02-23 04:58:11,287 - INFO - Email alert sent for GODREJCP.NS - BUY
2026-02-23 04:58:11,889 - INFO - BUY Signal - GODREJPROP.NS at ₹1827.00
2026-02-23 04:58:14,693 - INFO - Email alert sent for GODREJPROP.NS - BUY
2026-02-23 04:58:18,460 - INFO - BUY Signal - HEROMOTOCO.NS at ₹5502.00
2026-02-23 04:58:21,310 - INFO - Email alert sent for HEROMOTOCO.NS - BUY
2026-02-23 04:58:41,351 - ERROR - $PEL.NS: possibly delisted; no price data found  (period=5d) (Yahoo error = "No data found, symbol may be delisted")
2026-02-23 04:58:41,352 - WARNING - No data found for symbol: PEL.NS
2026-02-23 04:58:41,352 - WARNING - Unable to fetch data for PEL.NS
2026-02-23 04:58:44,024 - INFO - BUY Signal - PIIND.NS at ₹3055.00
2026-02-23 04:58:46,735 - INFO - Email alert sent for PIIND.NS - BUY
2026-02-23 04:58:49,951 - INFO - BUY Signal - SBIN.NS at ₹1228.90
2026-02-23 04:58:52,679 - INFO - Email alert sent for SBIN.NS - BUY
2026-02-23 04:58:55,804 - ERROR - $TATAMOTORS.NS: possibly delisted; no price data found  (period=5d) (Yahoo error = "No data found, symbol may be delisted")
2026-02-23 04:58:55,805 - WARNING - No data found for symbol: TATAMOTORS.NS
2026-02-23 04:58:55,805 - WARNING - Unable to fetch data for TATAMOTORS.NS
2026-02-23 04:59:01,888 - INFO - Scan completed at 2026-02-23 10:29:01. Found 11 alerts.
2026-02-23 04:59:01,888 - INFO - Sleeping for 900 seconds...
2026-02-23 05:07:43,880 - INFO - Starting new scan at 2026-02-23 10:37:43
2026-02-23 05:07:44,348 - INFO - Starting new scan at 2026-02-23 10:37:44
2026-02-23 05:07:44,604 - INFO - BUY Signal - ^BSESN at ₹83328.81
2026-02-23 05:07:45,136 - INFO - BUY Signal - ^BSESN at ₹83330.20
2026-02-23 05:07:47,418 - INFO - Email alert sent for ^BSESN - BUY
2026-02-23 05:07:47,922 - INFO - Email alert sent for ^BSESN - BUY
2026-02-23 05:07:50,456 - INFO - BUY Signal - ADANIPORTS.NS at ₹1551.70
2026-02-23 05:07:50,964 - INFO - BUY Signal - ADANIPORTS.NS at ₹1551.70
2026-02-23 05:07:53,219 - INFO - Email alert sent for ADANIPORTS.NS - BUY
2026-02-23 05:07:53,725 - INFO - Email alert sent for ADANIPORTS.NS - BUY
2026-02-23 05:07:58,259 - INFO - SELL Signal - BDL.NS at ₹1273.40
2026-02-23 05:07:58,937 - INFO - SELL Signal - BDL.NS at ₹1273.40
2026-02-23 05:08:01,047 - INFO - Email alert sent for BDL.NS - SELL
2026-02-23 05:08:01,821 - INFO - Email alert sent for BDL.NS - SELL
2026-02-23 05:08:11,812 - INFO - BUY Signal - EICHERMOT.NS at ₹8045.50
2026-02-23 05:08:12,499 - INFO - BUY Signal - EICHERMOT.NS at ₹8045.50
2026-02-23 05:08:14,611 - INFO - Email alert sent for EICHERMOT.NS - BUY
2026-02-23 05:08:15,319 - INFO - Email alert sent for EICHERMOT.NS - BUY
2026-02-23 05:08:16,416 - INFO - BUY Signal - GODREJPROP.NS at ₹1821.00
2026-02-23 05:08:17,150 - INFO - BUY Signal - GODREJPROP.NS at ₹1821.30
2026-02-23 05:08:19,198 - INFO - Email alert sent for GODREJPROP.NS - BUY
2026-02-23 05:08:19,937 - INFO - Email alert sent for GODREJPROP.NS - BUY
2026-02-23 05:08:22,609 - INFO - BUY Signal - HDFCBANK.NS at ₹922.50
2026-02-23 05:08:23,083 - INFO - BUY Signal - HDFCBANK.NS at ₹922.50
2026-02-23 05:08:25,459 - INFO - Email alert sent for HDFCBANK.NS - BUY
2026-02-23 05:08:25,955 - INFO - Email alert sent for HDFCBANK.NS - BUY
2026-02-23 05:08:29,838 - INFO - BUY Signal - IOC.NS at ₹175.98
2026-02-23 05:08:30,244 - INFO - BUY Signal - IOC.NS at ₹175.98
2026-02-23 05:08:32,569 - INFO - Email alert sent for IOC.NS - BUY
2026-02-23 05:08:33,011 - INFO - Email alert sent for IOC.NS - BUY
2026-02-23 05:08:49,671 - ERROR - $PEL.NS: possibly delisted; no price data found  (period=5d) (Yahoo error = "No data found, symbol may be delisted")
2026-02-23 05:08:49,672 - WARNING - No data found for symbol: PEL.NS
2026-02-23 05:08:49,673 - WARNING - Unable to fetch data for PEL.NS
2026-02-23 05:08:49,755 - ERROR - $PEL.NS: possibly delisted; no price data found  (period=5d) (Yahoo error = "No data found, symbol may be delisted")
2026-02-23 05:08:49,756 - WARNING - No data found for symbol: PEL.NS
2026-02-23 05:08:49,757 - WARNING - Unable to fetch data for PEL.NS
2026-02-23 05:08:58,779 - ERROR - $TATAMOTORS.NS: possibly delisted; no price data found  (period=5d) (Yahoo error = "No data found, symbol may be delisted")
2026-02-23 05:08:58,780 - WARNING - No data found for symbol: TATAMOTORS.NS
2026-02-23 05:08:58,780 - WARNING - Unable to fetch data for TATAMOTORS.NS
2026-02-23 05:08:59,032 - ERROR - $TATAMOTORS.NS: possibly delisted; no price data found  (period=5d) (Yahoo error = "No data found, symbol may be delisted")
2026-02-23 05:08:59,032 - WARNING - No data found for symbol: TATAMOTORS.NS
2026-02-23 05:08:59,033 - WARNING - Unable to fetch data for TATAMOTORS.NS
2026-02-23 05:09:01,782 - INFO - BUY Signal - TVSMOTOR.NS at ₹3864.80
2026-02-23 05:09:02,043 - INFO - BUY Signal - TVSMOTOR.NS at ₹3864.80
2026-02-23 05:09:04,532 - INFO - Email alert sent for TVSMOTOR.NS - BUY
2026-02-23 05:09:04,762 - INFO - Email alert sent for TVSMOTOR.NS - BUY
2026-02-23 05:09:07,441 - INFO - Scan completed at 2026-02-23 10:39:07. Found 8 alerts.
2026-02-23 05:09:07,441 - INFO - Sleeping for 900 seconds...
2026-02-23 05:09:07,673 - INFO - Scan completed at 2026-02-23 10:39:07. Found 8 alerts.
2026-02-23 05:09:07,674 - INFO - Sleeping for 900 seconds...
2026-02-23 05:14:01,889 - INFO - Starting new scan at 2026-02-23 10:44:01
2026-02-23 05:14:05,929 - INFO - BUY Signal - ADANIPORTS.NS at ₹1546.30
2026-02-23 05:14:08,699 - INFO - Email alert sent for ADANIPORTS.NS - BUY
2026-02-23 05:14:13,735 - INFO - SELL Signal - BDL.NS at ₹1268.40
2026-02-23 05:14:16,554 - INFO - Email alert sent for BDL.NS - SELL
2026-02-23 05:14:27,443 - INFO - BUY Signal - EICHERMOT.NS at ₹8021.00
2026-02-23 05:14:30,225 - INFO - Email alert sent for EICHERMOT.NS - BUY
2026-02-23 05:14:32,148 - INFO - BUY Signal - GODREJPROP.NS at ₹1822.00
2026-02-23 05:14:34,963 - INFO - Email alert sent for GODREJPROP.NS - BUY
2026-02-23 05:14:37,983 - INFO - BUY Signal - HDFCBANK.NS at ₹922.45
2026-02-23 05:14:40,793 - INFO - Email alert sent for HDFCBANK.NS - BUY
2026-02-23 05:14:45,113 - INFO - BUY Signal - IOC.NS at ₹175.74
2026-02-23 05:14:47,890 - INFO - Email alert sent for IOC.NS - BUY
2026-02-23 05:15:04,814 - ERROR - $PEL.NS: possibly delisted; no price data found  (period=5d) (Yahoo error = "No data found, symbol may be delisted")
2026-02-23 05:15:04,815 - WARNING - No data found for symbol: PEL.NS
2026-02-23 05:15:04,816 - WARNING - Unable to fetch data for PEL.NS
2026-02-23 05:15:15,431 - ERROR - $TATAMOTORS.NS: possibly delisted; no price data found  (period=5d) (Yahoo error = "No data found, symbol may be delisted")
2026-02-23 05:15:15,448 - WARNING - No data found for symbol: TATAMOTORS.NS
2026-02-23 05:15:15,452 - WARNING - Unable to fetch data for TATAMOTORS.NS
2026-02-23 05:15:22,438 - INFO - Scan completed at 2026-02-23 10:45:22. Found 6 alerts.
2026-02-23 05:15:22,438 - INFO - Sleeping for 900 seconds...
2026-02-23 05:20:49,962 - INFO - Starting OTT Alert Server
2026-02-23 05:20:50,021 - INFO - Starting new scan at 2026-02-23 10:50:50
2026-02-23 05:20:51,475 - INFO - BUY Signal - ^BSESN at ₹83243.03
2026-02-23 05:20:54,284 - INFO - Email alert sent for ^BSESN - BUY
2026-02-23 05:20:57,350 - INFO - BUY Signal - ADANIPORTS.NS at ₹1547.10
2026-02-23 05:21:00,564 - INFO - Email alert sent for ADANIPORTS.NS - BUY
2026-02-23 05:21:05,424 - INFO - SELL Signal - BDL.NS at ₹1269.10
2026-02-23 05:21:08,227 - INFO - Email alert sent for BDL.NS - SELL
2026-02-23 05:21:18,590 - INFO - BUY Signal - EICHERMOT.NS at ₹8014.00
2026-02-23 05:21:21,437 - INFO - Email alert sent for EICHERMOT.NS - BUY
2026-02-23 05:21:23,268 - INFO - BUY Signal - GODREJPROP.NS at ₹1822.50
2026-02-23 05:21:26,105 - INFO - Email alert sent for GODREJPROP.NS - BUY
2026-02-23 05:21:29,128 - INFO - BUY Signal - HDFCBANK.NS at ₹922.00
2026-02-23 05:21:32,047 - INFO - Email alert sent for HDFCBANK.NS - BUY
2026-02-23 05:21:36,290 - INFO - BUY Signal - IOC.NS at ₹175.90
2026-02-23 05:21:39,081 - INFO - Email alert sent for IOC.NS - BUY
2026-02-23 05:21:55,551 - ERROR - HTTP Error 404: {"quoteSummary":{"result":null,"error":{"code":"Not Found","description":"Quote not found for symbol: PEL.NS"}}}
2026-02-23 05:21:56,081 - ERROR - $PEL.NS: possibly delisted; no price data found  (period=5d) (Yahoo error = "No data found, symbol may be delisted")
2026-02-23 05:21:56,081 - WARNING - No data found for symbol: PEL.NS
2026-02-23 05:21:56,082 - WARNING - Unable to fetch data for PEL.NS
2026-02-23 05:22:04,655 - ERROR - HTTP Error 404: {"quoteSummary":{"result":null,"error":{"code":"Not Found","description":"Quote not found for symbol: TATAMOTORS.NS"}}}
2026-02-23 05:22:05,179 - ERROR - $TATAMOTORS.NS: possibly delisted; no price data found  (period=5d) (Yahoo error = "No data found, symbol may be delisted")
2026-02-23 05:22:05,180 - WARNING - No data found for symbol: TATAMOTORS.NS
2026-02-23 05:22:05,180 - WARNING - Unable to fetch data for TATAMOTORS.NS
2026-02-23 05:22:08,231 - INFO - BUY Signal - TVSMOTOR.NS at ₹3858.80
2026-02-23 05:22:11,000 - INFO - Email alert sent for TVSMOTOR.NS - BUY
2026-02-23 05:22:13,919 - INFO - Scan completed at 2026-02-23 10:52:13. Found 8 alerts.
2026-02-23 05:22:13,919 - INFO - Sleeping for 900 seconds...
2026-02-23 05:24:07,441 - INFO - Starting new scan at 2026-02-23 10:54:07
2026-02-23 05:24:07,674 - INFO - Starting new scan at 2026-02-23 10:54:07
2026-02-23 05:24:08,333 - INFO - BUY Signal - ^BSESN at ₹83211.61
2026-02-23 05:24:08,486 - INFO - BUY Signal - ^BSESN at ₹83211.61
2026-02-23 05:24:11,101 - INFO - Email alert sent for ^BSESN - BUY
2026-02-23 05:24:11,327 - INFO - Email alert sent for ^BSESN - BUY
2026-02-23 05:24:14,150 - INFO - BUY Signal - ADANIPORTS.NS at ₹1550.20
2026-02-23 05:24:14,339 - INFO - BUY Signal - ADANIPORTS.NS at ₹1550.20
2026-02-23 05:24:17,088 - INFO - Email alert sent for ADANIPORTS.NS - BUY
2026-02-23 05:24:17,499 - INFO - Email alert sent for ADANIPORTS.NS - BUY
2026-02-23 05:24:21,959 - INFO - SELL Signal - BDL.NS at ₹1272.50
2026-02-23 05:24:22,330 - INFO - SELL Signal - BDL.NS at ₹1272.50
2026-02-23 05:24:24,778 - INFO - Email alert sent for BDL.NS - SELL
2026-02-23 05:24:25,306 - INFO - Email alert sent for BDL.NS - SELL
2026-02-23 05:24:35,144 - INFO - BUY Signal - EICHERMOT.NS at ₹8020.00
2026-02-23 05:24:35,608 - INFO - BUY Signal - EICHERMOT.NS at ₹8020.00
2026-02-23 05:24:38,595 - INFO - Email alert sent for EICHERMOT.NS - BUY
2026-02-23 05:24:38,806 - INFO - Email alert sent for EICHERMOT.NS - BUY
2026-02-23 05:24:40,398 - INFO - BUY Signal - GODREJPROP.NS at ₹1823.80
2026-02-23 05:24:40,646 - INFO - BUY Signal - GODREJPROP.NS at ₹1823.80
2026-02-23 05:24:43,414 - INFO - Email alert sent for GODREJPROP.NS - BUY
2026-02-23 05:24:43,604 - INFO - Email alert sent for GODREJPROP.NS - BUY
2026-02-23 05:24:46,430 - INFO - BUY Signal - HDFCBANK.NS at ₹921.95
2026-02-23 05:24:46,648 - INFO - BUY Signal - HDFCBANK.NS at ₹921.95
2026-02-23 05:24:49,334 - INFO - Email alert sent for HDFCBANK.NS - BUY
2026-02-23 05:24:49,589 - INFO - Email alert sent for HDFCBANK.NS - BUY
2026-02-23 05:24:53,576 - INFO - BUY Signal - IOC.NS at ₹176.13
2026-02-23 05:24:53,833 - INFO - BUY Signal - IOC.NS at ₹176.13
2026-02-23 05:24:56,394 - INFO - Email alert sent for IOC.NS - BUY
2026-02-23 05:24:56,765 - INFO - Email alert sent for IOC.NS - BUY
2026-02-23 05:25:12,430 - ERROR - $PEL.NS: possibly delisted; no price data found  (period=5d) (Yahoo error = "No data found, symbol may be delisted")
2026-02-23 05:25:12,430 - WARNING - No data found for symbol: PEL.NS
2026-02-23 05:25:12,431 - WARNING - Unable to fetch data for PEL.NS
2026-02-23 05:25:12,859 - ERROR - $PEL.NS: possibly delisted; no price data found  (period=5d) (Yahoo error = "No data found, symbol may be delisted")
2026-02-23 05:25:12,859 - WARNING - No data found for symbol: PEL.NS
2026-02-23 05:25:12,860 - WARNING - Unable to fetch data for PEL.NS
2026-02-23 05:25:20,611 - ERROR - $TATAMOTORS.NS: possibly delisted; no price data found  (period=5d) (Yahoo error = "No data found, symbol may be delisted")
2026-02-23 05:25:20,611 - WARNING - No data found for symbol: TATAMOTORS.NS
2026-02-23 05:25:20,612 - WARNING - Unable to fetch data for TATAMOTORS.NS
2026-02-23 05:25:21,088 - ERROR - $TATAMOTORS.NS: possibly delisted; no price data found  (period=5d) (Yahoo error = "No data found, symbol may be delisted")
2026-02-23 05:25:21,089 - WARNING - No data found for symbol: TATAMOTORS.NS
2026-02-23 05:25:21,089 - WARNING - Unable to fetch data for TATAMOTORS.NS
2026-02-23 05:25:23,628 - INFO - BUY Signal - TVSMOTOR.NS at ₹3861.90
2026-02-23 05:25:24,091 - INFO - BUY Signal - TVSMOTOR.NS at ₹3861.90
2026-02-23 05:25:26,473 - INFO - Email alert sent for TVSMOTOR.NS - BUY
2026-02-23 05:25:27,014 - INFO - Email alert sent for TVSMOTOR.NS - BUY
2026-02-23 05:25:29,396 - INFO - Scan completed at 2026-02-23 10:55:29. Found 8 alerts.
2026-02-23 05:25:29,396 - INFO - Sleeping for 900 seconds...
2026-02-23 05:25:29,940 - INFO - Scan completed at 2026-02-23 10:55:29. Found 8 alerts.
2026-02-23 05:25:29,941 - INFO - Sleeping for 900 seconds...
2026-02-23 05:30:22,438 - INFO - Starting new scan at 2026-02-23 11:00:22
2026-02-23 05:30:31,192 - INFO - SELL Signal - BDL.NS at ₹1274.30
2026-02-23 05:30:34,237 - INFO - Email alert sent for BDL.NS - SELL
2026-02-23 05:30:44,827 - INFO - BUY Signal - EICHERMOT.NS at ₹8031.00
2026-02-23 05:30:47,637 - INFO - Email alert sent for EICHERMOT.NS - BUY
2026-02-23 05:30:52,638 - INFO - BUY Signal - HDFCBANK.NS at ₹921.25
2026-02-23 05:30:55,484 - INFO - Email alert sent for HDFCBANK.NS - BUY
2026-02-23 05:30:59,753 - INFO - BUY Signal - IOC.NS at ₹176.88
2026-02-23 05:31:02,532 - INFO - Email alert sent for IOC.NS - BUY
2026-02-23 05:31:18,899 - ERROR - $PEL.NS: possibly delisted; no price data found  (period=5d) (Yahoo error = "No data found, symbol may be delisted")
2026-02-23 05:31:18,900 - WARNING - No data found for symbol: PEL.NS
2026-02-23 05:31:18,900 - WARNING - Unable to fetch data for PEL.NS
2026-02-23 05:31:27,470 - ERROR - $TATAMOTORS.NS: possibly delisted; no price data found  (period=5d) (Yahoo error = "No data found, symbol may be delisted")
2026-02-23 05:31:27,470 - WARNING - No data found for symbol: TATAMOTORS.NS
2026-02-23 05:31:27,470 - WARNING - Unable to fetch data for TATAMOTORS.NS
2026-02-23 05:31:30,499 - INFO - BUY Signal - TVSMOTOR.NS at ₹3861.60
2026-02-23 05:31:33,344 - INFO - Email alert sent for TVSMOTOR.NS - BUY
2026-02-23 05:31:36,395 - INFO - Scan completed at 2026-02-23 11:01:36. Found 5 alerts.
2026-02-23 05:31:36,395 - INFO - Sleeping for 900 seconds...
2026-02-23 05:37:13,919 - INFO - Starting new scan at 2026-02-23 11:07:13
2026-02-23 05:37:14,795 - INFO - BUY Signal - ^BSESN at ₹83152.26
2026-02-23 05:37:17,614 - INFO - Email alert sent for ^BSESN - BUY
2026-02-23 05:37:25,683 - INFO - SELL Signal - BDL.NS at ₹1272.00
2026-02-23 05:37:28,505 - INFO - Email alert sent for BDL.NS - SELL
2026-02-23 05:37:39,161 - INFO - BUY Signal - EICHERMOT.NS at ₹8026.00
2026-02-23 05:37:41,968 - INFO - Email alert sent for EICHERMOT.NS - BUY
2026-02-23 05:37:47,055 - INFO - BUY Signal - HDFCBANK.NS at ₹920.65
2026-02-23 05:37:49,805 - INFO - Email alert sent for HDFCBANK.NS - BUY
2026-02-23 05:37:54,064 - INFO - BUY Signal - IOC.NS at ₹176.54
2026-02-23 05:37:56,822 - INFO - Email alert sent for IOC.NS - BUY
2026-02-23 05:38:13,510 - ERROR - $PEL.NS: possibly delisted; no price data found  (period=5d) (Yahoo error = "No data found, symbol may be delisted")
2026-02-23 05:38:13,511 - WARNING - No data found for symbol: PEL.NS
2026-02-23 05:38:13,511 - WARNING - Unable to fetch data for PEL.NS
2026-02-23 05:38:21,962 - ERROR - $TATAMOTORS.NS: possibly delisted; no price data found  (period=5d) (Yahoo error = "No data found, symbol may be delisted")
2026-02-23 05:38:21,962 - WARNING - No data found for symbol: TATAMOTORS.NS
2026-02-23 05:38:21,962 - WARNING - Unable to fetch data for TATAMOTORS.NS
2026-02-23 05:38:25,000 - INFO - BUY Signal - TVSMOTOR.NS at ₹3854.90
2026-02-23 05:38:27,783 - INFO - Email alert sent for TVSMOTOR.NS - BUY
2026-02-23 05:38:30,713 - INFO - Scan completed at 2026-02-23 11:08:30. Found 6 alerts.
2026-02-23 05:38:30,713 - INFO - Sleeping for 900 seconds...
2026-02-23 05:40:29,396 - INFO - Starting new scan at 2026-02-23 11:10:29
2026-02-23 05:40:29,941 - INFO - Starting new scan at 2026-02-23 11:10:29
2026-02-23 05:40:30,345 - INFO - BUY Signal - ^BSESN at ₹83153.80
2026-02-23 05:40:30,805 - INFO - BUY Signal - ^BSESN at ₹83152.72
2026-02-23 05:40:33,163 - INFO - Email alert sent for ^BSESN - BUY
2026-02-23 05:40:33,587 - INFO - Email alert sent for ^BSESN - BUY
2026-02-23 05:40:41,661 - INFO - SELL Signal - BDL.NS at ₹1271.50
2026-02-23 05:40:41,851 - INFO - SELL Signal - BDL.NS at ₹1271.50
2026-02-23 05:40:44,451 - INFO - Email alert sent for BDL.NS - SELL
2026-02-23 05:40:44,652 - INFO - Email alert sent for BDL.NS - SELL
2026-02-23 05:40:54,909 - INFO - BUY Signal - EICHERMOT.NS at ₹8037.00
2026-02-23 05:40:55,376 - INFO - BUY Signal - EICHERMOT.NS at ₹8037.00
2026-02-23 05:40:57,682 - INFO - Email alert sent for EICHERMOT.NS - BUY
2026-02-23 05:40:58,433 - INFO - Email alert sent for EICHERMOT.NS - BUY
2026-02-23 05:41:02,581 - INFO - BUY Signal - HDFCBANK.NS at ₹920.95
2026-02-23 05:41:03,374 - INFO - BUY Signal - HDFCBANK.NS at ₹920.95
2026-02-23 05:41:05,389 - INFO - Email alert sent for HDFCBANK.NS - BUY
2026-02-23 05:41:06,110 - INFO - Email alert sent for HDFCBANK.NS - BUY
2026-02-23 05:41:09,621 - INFO - BUY Signal - IOC.NS at ₹176.53
2026-02-23 05:41:10,573 - INFO - BUY Signal - IOC.NS at ₹176.53
2026-02-23 05:41:12,448 - INFO - Email alert sent for IOC.NS - BUY
2026-02-23 05:41:13,307 - INFO - Email alert sent for IOC.NS - BUY
2026-02-23 05:41:28,892 - ERROR - $PEL.NS: possibly delisted; no price data found  (period=5d) (Yahoo error = "No data found, symbol may be delisted")
2026-02-23 05:41:28,892 - WARNING - No data found for symbol: PEL.NS
2026-02-23 05:41:28,892 - WARNING - Unable to fetch data for PEL.NS
2026-02-23 05:41:29,672 - ERROR - $PEL.NS: possibly delisted; no price data found  (period=5d) (Yahoo error = "No data found, symbol may be delisted")
2026-02-23 05:41:29,672 - WARNING - No data found for symbol: PEL.NS
2026-02-23 05:41:29,672 - WARNING - Unable to fetch data for PEL.NS
2026-02-23 05:41:37,353 - ERROR - $TATAMOTORS.NS: possibly delisted; no price data found  (period=5d) (Yahoo error = "No data found, symbol may be delisted")
2026-02-23 05:41:37,354 - WARNING - No data found for symbol: TATAMOTORS.NS
2026-02-23 05:41:37,354 - WARNING - Unable to fetch data for TATAMOTORS.NS
2026-02-23 05:41:37,968 - ERROR - $TATAMOTORS.NS: possibly delisted; no price data found  (period=5d) (Yahoo error = "No data found, symbol may be delisted")
2026-02-23 05:41:37,969 - WARNING - No data found for symbol: TATAMOTORS.NS
2026-02-23 05:41:37,969 - WARNING - Unable to fetch data for TATAMOTORS.NS
2026-02-23 05:41:40,603 - INFO - BUY Signal - TVSMOTOR.NS at ₹3860.70
2026-02-23 05:41:41,004 - INFO - BUY Signal - TVSMOTOR.NS at ₹3860.20
2026-02-23 05:41:43,427 - INFO - Email alert sent for TVSMOTOR.NS - BUY
2026-02-23 05:41:43,864 - INFO - Email alert sent for TVSMOTOR.NS - BUY
2026-02-23 05:41:46,449 - INFO - Scan completed at 2026-02-23 11:11:46. Found 6 alerts.
2026-02-23 05:41:46,450 - INFO - Sleeping for 900 seconds...
2026-02-23 05:41:46,753 - INFO - Scan completed at 2026-02-23 11:11:46. Found 6 alerts.
2026-02-23 05:41:46,754 - INFO - Sleeping for 900 seconds...
2026-02-23 05:46:36,396 - INFO - Starting new scan at 2026-02-23 11:16:36
2026-02-23 05:46:37,174 - INFO - BUY Signal - ^BSESN at ₹83169.31
2026-02-23 05:46:40,031 - INFO - Email alert sent for ^BSESN - BUY
2026-02-23 05:46:48,266 - INFO - SELL Signal - BDL.NS at ₹1275.70
2026-02-23 05:46:51,160 - INFO - Email alert sent for BDL.NS - SELL
2026-02-23 05:47:01,773 - INFO - BUY Signal - EICHERMOT.NS at ₹8040.00
2026-02-23 05:47:04,591 - INFO - Email alert sent for EICHERMOT.NS - BUY
2026-02-23 05:47:09,675 - INFO - BUY Signal - HDFCBANK.NS at ₹922.05
2026-02-23 05:47:12,457 - INFO - Email alert sent for HDFCBANK.NS - BUY
2026-02-23 05:47:16,694 - INFO - BUY Signal - IOC.NS at ₹176.80
2026-02-23 05:47:19,442 - INFO - Email alert sent for IOC.NS - BUY
2026-02-23 05:47:35,831 - ERROR - $PEL.NS: possibly delisted; no price data found  (period=5d) (Yahoo error = "No data found, symbol may be delisted")
2026-02-23 05:47:35,832 - WARNING - No data found for symbol: PEL.NS
2026-02-23 05:47:35,832 - WARNING - Unable to fetch data for PEL.NS
2026-02-23 05:47:44,677 - ERROR - $TATAMOTORS.NS: possibly delisted; no price data found  (period=5d) (Yahoo error = "No data found, symbol may be delisted")
2026-02-23 05:47:44,677 - WARNING - No data found for symbol: TATAMOTORS.NS
2026-02-23 05:47:44,677 - WARNING - Unable to fetch data for TATAMOTORS.NS
2026-02-23 05:47:47,803 - INFO - BUY Signal - TVSMOTOR.NS at ₹3860.00
2026-02-23 05:47:50,642 - INFO - Email alert sent for TVSMOTOR.NS - BUY
2026-02-23 05:47:53,577 - INFO - Scan completed at 2026-02-23 11:17:53. Found 6 alerts.
2026-02-23 05:47:53,578 - INFO - Sleeping for 900 seconds...
2026-02-23 05:53:30,713 - INFO - Starting new scan at 2026-02-23 11:23:30
2026-02-23 05:53:31,594 - INFO - BUY Signal - ^BSESN at ₹83135.66
2026-02-23 05:53:34,379 - INFO - Email alert sent for ^BSESN - BUY
2026-02-23 05:53:42,270 - INFO - SELL Signal - BDL.NS at ₹1274.00
2026-02-23 05:53:45,093 - INFO - Email alert sent for BDL.NS - SELL
2026-02-23 05:53:55,395 - INFO - BUY Signal - EICHERMOT.NS at ₹8025.50
2026-02-23 05:53:58,188 - INFO - Email alert sent for EICHERMOT.NS - BUY
2026-02-23 05:54:03,015 - INFO - BUY Signal - HDFCBANK.NS at ₹921.50
2026-02-23 05:54:05,810 - INFO - Email alert sent for HDFCBANK.NS - BUY
2026-02-23 05:54:10,085 - INFO - BUY Signal - IOC.NS at ₹176.59
2026-02-23 05:54:12,844 - INFO - Email alert sent for IOC.NS - BUY
2026-02-23 05:54:28,890 - ERROR - $PEL.NS: possibly delisted; no price data found  (period=5d) (Yahoo error = "No data found, symbol may be delisted")
2026-02-23 05:54:28,890 - WARNING - No data found for symbol: PEL.NS
2026-02-23 05:54:28,890 - WARNING - Unable to fetch data for PEL.NS
2026-02-23 05:54:37,271 - ERROR - $TATAMOTORS.NS: possibly delisted; no price data found  (period=5d) (Yahoo error = "No data found, symbol may be delisted")
2026-02-23 05:54:37,272 - WARNING - No data found for symbol: TATAMOTORS.NS
2026-02-23 05:54:37,272 - WARNING - Unable to fetch data for TATAMOTORS.NS
2026-02-23 05:54:40,309 - INFO - BUY Signal - TVSMOTOR.NS at ₹3856.50
2026-02-23 05:54:43,091 - INFO - Email alert sent for TVSMOTOR.NS - BUY
2026-02-23 05:54:46,012 - INFO - Scan completed at 2026-02-23 11:24:46. Found 6 alerts.
2026-02-23 05:54:46,012 - INFO - Sleeping for 900 seconds...
2026-02-23 06:58:02,909 - INFO - Starting OTT Alert Server
2026-02-23 06:58:03,032 - INFO - Starting new scan at 2026-02-23 12:28:03
2026-02-23 06:58:21,995 - INFO - SELL Signal — DLF.NS at ₹623.40
2026-02-23 06:58:47,762 - INFO - SELL Signal — ONGC.NS at ₹272.55
2026-02-23 06:58:50,642 - ERROR - HTTP Error 404: {"quoteSummary":{"result":null,"error":{"code":"Not Found","description":"Quote not found for symbol: PEL.NS"}}}
2026-02-23 06:58:51,269 - ERROR - $PEL.NS: possibly delisted; no price data found  (period=5d) (Yahoo error = "No data found, symbol may be delisted")
2026-02-23 06:58:51,270 - WARNING - No data found for symbol: PEL.NS
2026-02-23 06:58:51,270 - WARNING - Unable to fetch data for PEL.NS
2026-02-23 06:59:00,133 - ERROR - HTTP Error 404: {"quoteSummary":{"result":null,"error":{"code":"Not Found","description":"Quote not found for symbol: TATAMOTORS.NS"}}}
2026-02-23 06:59:00,676 - ERROR - $TATAMOTORS.NS: possibly delisted; no price data found  (period=5d) (Yahoo error = "No data found, symbol may be delisted")
2026-02-23 06:59:00,676 - WARNING - No data found for symbol: TATAMOTORS.NS
2026-02-23 06:59:00,677 - WARNING - Unable to fetch data for TATAMOTORS.NS
2026-02-23 06:59:09,555 - INFO - Compiled email sent: 0 BUY, 2 SELL signals.
2026-02-23 06:59:09,555 - INFO - Scan completed. Found 2 signal(s). Sleeping 900s...
2026-02-23 07:08:59,305 - INFO - Starting OTT Alert Server
2026-02-23 07:08:59,333 - INFO - Starting new scan at 2026-02-23 12:38:59
2026-02-23 07:09:43,876 - INFO - SELL Signal — OIL.NS at ₹469.00
2026-02-23 07:09:45,101 - INFO - BUY Signal — PAGEIND.NS at ₹33145.00
2026-02-23 07:10:05,667 - INFO - Compiled email sent: 1 BUY, 1 SELL signals.
2026-02-23 07:10:05,667 - INFO - Scan completed. Found 2 signal(s). Sleeping 900s...
2026-02-23 07:14:09,556 - INFO - Starting new scan at 2026-02-23 12:44:09
